<?xml version="1.0" encoding="UTF-8"?>
<!-- Generated by org.testng.reporters.JUnitXMLReporter -->
<testsuite ignored="2" hostname="LAPTOP-87BNJJI2" failures="2" tests="3" name="Test" time="28.312" errors="0" timestamp="2022-08-22T18:13:59 IST">
  <testcase classname="testCases.RunTest1Day1" name="Step1" time="0.012">
    <failure type="java.lang.NullPointerException" message="Cannot invoke &amp;quot;org.openqa.selenium.WebDriver.findElement(org.openqa.selenium.By)&amp;quot; because &amp;quot;this.driver&amp;quot; is null">
      <![CDATA[java.lang.NullPointerException: Cannot invoke "org.openqa.selenium.WebDriver.findElement(org.openqa.selenium.By)" because "this.driver" is null
at LocationsOfElements.Test1Day1.TitleLink(Test1Day1.java:26)
at testCases.RunTest1Day1.Step1(RunTest1Day1.java:35)
at java.base/java.util.concurrent.ThreadPoolExecutor.runWorker(ThreadPoolExecutor.java:1130)
at java.base/java.util.concurrent.ThreadPoolExecutor$Worker.run(ThreadPoolExecutor.java:630)
at java.base/java.lang.Thread.run(Thread.java:831)
... Removed 12 stack frames]]>
    </failure>
  </testcase> <!-- Step1 -->
  <testcase classname="testCases.RunTest2Day2" name="xperia" time="0.116">
    <failure type="java.lang.NullPointerException" message="Cannot invoke &amp;quot;org.openqa.selenium.WebDriver.findElement(org.openqa.selenium.By)&amp;quot; because &amp;quot;this.driver&amp;quot; is null">
      <![CDATA[java.lang.NullPointerException: Cannot invoke "org.openqa.selenium.WebDriver.findElement(org.openqa.selenium.By)" because "this.driver" is null
at LocationsOfElements.Test2Day2.xperia_price_1(Test2Day2.java:23)
at testCases.RunTest2Day2.xperia(RunTest2Day2.java:27)
at java.base/java.util.concurrent.ThreadPoolExecutor.runWorker(ThreadPoolExecutor.java:1130)
at java.base/java.util.concurrent.ThreadPoolExecutor$Worker.run(ThreadPoolExecutor.java:630)
at java.base/java.lang.Thread.run(Thread.java:831)
... Removed 12 stack frames]]>
    </failure>
  </testcase> <!-- xperia -->
  <testcase classname="testCases.RunTest1Day1" name="Step1" time="4.836"/>
  <testcase classname="testCases.RunTest2Day2" name="@AfterTest TearDown" time="0.0">
    <ignored/>
  </testcase> <!-- @AfterTest TearDown -->
  <testcase classname="testCases.RunTest1Day1" name="@BeforeTest muststep" time="0.0">
    <ignored/>
  </testcase> <!-- @BeforeTest muststep -->
</testsuite> <!-- Test -->
